<?xml version="1.0" encoding="UTF-8"?>
<!-- Generated by org.testng.reporters.JUnitReportReporter -->
<testsuite hostname="DESKTOP-J6FD0VT" failures="0" tests="1" name="com.Test.Test2" time="19.765" errors="0" timestamp="2022-11-03T14:13:43 IST" skipped="0">
  <testcase classname="com.Test.Test2" name="test2" time="19.765"/>
  <system-out/>
</testsuite> <!-- com.Test.Test2 -->
